#
# There is insufficient memory for the Java Runtime Environment to continue.
# Native memory allocation (malloc) failed to allocate 2036864 bytes for Chunk::new
# Possible reasons:
#   The system is out of physical RAM or swap space
#   The process is running with CompressedOops enabled, and the Java Heap may be blocking the growth of the native heap
# Possible solutions:
#   Reduce memory load on the system
#   Increase physical memory or swap space
#   Check if swap backing store is full
#   Decrease Java heap size (-Xmx/-Xms)
#   Decrease number of Java threads
#   Decrease Java thread stack sizes (-Xss)
#   Set larger code cache with -XX:ReservedCodeCacheSize=
#   JVM is running with Unscaled Compressed Oops mode in which the Java heap is
#     placed in the first 4GB address space. The Java Heap base address is the
#     maximum limit for the native heap growth. Please use -XX:HeapBaseMinAddress
#     to set the Java Heap base and to place the Java Heap above 4GB virtual address.
# This output file may be truncated or incomplete.
#
#  Out of Memory Error (arena.cpp:189), pid=22852, tid=24172
#
# JRE version: Java(TM) SE Runtime Environment (17.0.9+11) (build 17.0.9+11-LTS-201)
# Java VM: Java HotSpot(TM) 64-Bit Server VM (17.0.9+11-LTS-201, mixed mode, sharing, tiered, compressed oops, compressed class ptrs, g1 gc, windows-amd64)
# No core dump will be written. Minidumps are not enabled by default on client versions of Windows
#

---------------  S U M M A R Y ------------

Command Line: --add-opens=java.base/java.util.concurrent.atomic=ALL-UNNAMED -XX:MaxMetaspaceSize=384m -XX:+HeapDumpOnOutOfMemoryError --add-opens=java.base/java.util=ALL-UNNAMED --add-opens=java.base/java.lang=ALL-UNNAMED --add-opens=java.base/java.lang.invoke=ALL-UNNAMED --add-opens=java.prefs/java.util.prefs=ALL-UNNAMED --add-opens=java.base/java.nio.charset=ALL-UNNAMED --add-opens=java.base/java.net=ALL-UNNAMED --add-opens=java.base/java.util.concurrent.atomic=ALL-UNNAMED -Xms256m -Xmx512m -Dfile.encoding=x-windows-949 -Duser.country=KR -Duser.language=ko -Duser.variant -javaagent:C:\Users\82104\.gradle\wrapper\dists\gradle-8.4-bin\1w5dpkrfk8irigvoxmyhowfim\gradle-8.4\lib\agents\gradle-instrumentation-agent-8.4.jar org.gradle.launcher.daemon.bootstrap.GradleDaemon 8.4

Host: Intel(R) Core(TM) i3-8130U CPU @ 2.20GHz, 4 cores, 3G,  Windows 10 , 64 bit Build 19041 (10.0.19041.3570)
Time: Fri Nov 24 20:54:16 2023  Windows 10 , 64 bit Build 19041 (10.0.19041.3570) elapsed time: 14.046419 seconds (0d 0h 0m 14s)

---------------  T H R E A D  ---------------

Current thread (0x000001b85f22bee0):  JavaThread "C2 CompilerThread0" daemon [_thread_in_native, id=24172, stack(0x0000002a36800000,0x0000002a36900000)]


Current CompileTask:
C2:  14047 2497   !   4       java.net.URLClassLoader::findClass (47 bytes)

Stack: [0x0000002a36800000,0x0000002a36900000]
Native frames: (J=compiled Java code, j=interpreted, Vv=VM code, C=native code)
V  [jvm.dll+0x678a4a]
V  [jvm.dll+0x7d9cfd]
V  [jvm.dll+0x7db60e]
V  [jvm.dll+0x7dbc73]
V  [jvm.dll+0x245e1f]
V  [jvm.dll+0xaaafb]
V  [jvm.dll+0xab09c]
V  [jvm.dll+0x36237e]
V  [jvm.dll+0x32ca01]
V  [jvm.dll+0x32be9a]
V  [jvm.dll+0x21812f]
V  [jvm.dll+0x217561]
V  [jvm.dll+0x1a3bc0]
V  [jvm.dll+0x2272de]
V  [jvm.dll+0x22548b]
V  [jvm.dll+0x78f58c]
V  [jvm.dll+0x78998a]
V  [jvm.dll+0x677875]
C  [ucrtbase.dll+0x21bb2]
C  [KERNEL32.DLL+0x17344]
C  [ntdll.dll+0x526b1]


---------------  P R O C E S S  ---------------

Threads class SMR info:
_java_thread_list=0x000001b87ae77f60, length=25, elements={
0x000001b8451a3300, 0x000001b85f204a80, 0x000001b85f205810, 0x000001b85f21bdc0,
0x000001b85f21c790, 0x000001b85f21e810, 0x000001b85f225190, 0x000001b85f22bee0,
0x000001b85f22cf90, 0x000001b85f262f80, 0x000001b85f1f1220, 0x000001b85f3e1da0,
0x000001b879ad5f80, 0x000001b85f28eab0, 0x000001b879b8e470, 0x000001b879ccc650,
0x000001b8791f93c0, 0x000001b8790f8a80, 0x000001b8790fb300, 0x000001b8790f8060,
0x000001b8790f9ec0, 0x000001b8790fa3d0, 0x000001b8790fa8e0, 0x000001b8790fb810,
0x000001b8790f8f90
}

Java Threads: ( => current thread )
  0x000001b8451a3300 JavaThread "main" [_thread_blocked, id=16336, stack(0x0000002a35b00000,0x0000002a35c00000)]
  0x000001b85f204a80 JavaThread "Reference Handler" daemon [_thread_blocked, id=17568, stack(0x0000002a36200000,0x0000002a36300000)]
  0x000001b85f205810 JavaThread "Finalizer" daemon [_thread_blocked, id=22776, stack(0x0000002a36300000,0x0000002a36400000)]
  0x000001b85f21bdc0 JavaThread "Signal Dispatcher" daemon [_thread_blocked, id=1924, stack(0x0000002a36400000,0x0000002a36500000)]
  0x000001b85f21c790 JavaThread "Attach Listener" daemon [_thread_blocked, id=18140, stack(0x0000002a36500000,0x0000002a36600000)]
  0x000001b85f21e810 JavaThread "Service Thread" daemon [_thread_blocked, id=23628, stack(0x0000002a36600000,0x0000002a36700000)]
  0x000001b85f225190 JavaThread "Monitor Deflation Thread" daemon [_thread_blocked, id=23236, stack(0x0000002a36700000,0x0000002a36800000)]
=>0x000001b85f22bee0 JavaThread "C2 CompilerThread0" daemon [_thread_in_native, id=24172, stack(0x0000002a36800000,0x0000002a36900000)]
  0x000001b85f22cf90 JavaThread "C1 CompilerThread0" daemon [_thread_blocked, id=18928, stack(0x0000002a36900000,0x0000002a36a00000)]
  0x000001b85f262f80 JavaThread "Sweeper thread" daemon [_thread_blocked, id=19112, stack(0x0000002a36a00000,0x0000002a36b00000)]
  0x000001b85f1f1220 JavaThread "Common-Cleaner" daemon [_thread_blocked, id=15236, stack(0x0000002a36b00000,0x0000002a36c00000)]
  0x000001b85f3e1da0 JavaThread "Notification Thread" daemon [_thread_blocked, id=14864, stack(0x0000002a36c00000,0x0000002a36d00000)]
  0x000001b879ad5f80 JavaThread "Daemon health stats" [_thread_blocked, id=29672, stack(0x0000002a37100000,0x0000002a37200000)]
  0x000001b85f28eab0 JavaThread "Incoming local TCP Connector on port 50388" [_thread_in_native, id=27964, stack(0x0000002a37200000,0x0000002a37300000)]
  0x000001b879b8e470 JavaThread "Daemon periodic checks" [_thread_blocked, id=15448, stack(0x0000002a37300000,0x0000002a37400000)]
  0x000001b879ccc650 JavaThread "Daemon" [_thread_blocked, id=3804, stack(0x0000002a37400000,0x0000002a37500000)]
  0x000001b8791f93c0 JavaThread "Handler for socket connection from /127.0.0.1:50388 to /127.0.0.1:50389" [_thread_in_native, id=25536, stack(0x0000002a37500000,0x0000002a37600000)]
  0x000001b8790f8a80 JavaThread "Cancel handler" [_thread_blocked, id=2560, stack(0x0000002a37600000,0x0000002a37700000)]
  0x000001b8790fb300 JavaThread "Daemon worker" [_thread_in_native, id=20800, stack(0x0000002a37700000,0x0000002a37800000)]
  0x000001b8790f8060 JavaThread "Asynchronous log dispatcher for DefaultDaemonConnection: socket connection from /127.0.0.1:50388 to /127.0.0.1:50389" [_thread_blocked, id=20720, stack(0x0000002a37800000,0x0000002a37900000)]
  0x000001b8790f9ec0 JavaThread "Stdin handler" [_thread_blocked, id=24008, stack(0x0000002a37900000,0x0000002a37a00000)]
  0x000001b8790fa3d0 JavaThread "Daemon client event forwarder" [_thread_blocked, id=10048, stack(0x0000002a37a00000,0x0000002a37b00000)]
  0x000001b8790fa8e0 JavaThread "Cache worker for journal cache (C:\Users\82104\.gradle\caches\journal-1)" [_thread_blocked, id=13044, stack(0x0000002a37b00000,0x0000002a37c00000)]
  0x000001b8790fb810 JavaThread "File lock request listener" [_thread_in_native, id=12440, stack(0x0000002a37c00000,0x0000002a37d00000)]
  0x000001b8790f8f90 JavaThread "Cache worker for file hash cache (C:\Users\82104\.gradle\caches\8.4\fileHashes)" [_thread_blocked, id=26664, stack(0x0000002a37d00000,0x0000002a37e00000)]

Other Threads:
  0x000001b85f1ff3c0 VMThread "VM Thread" [stack: 0x0000002a36100000,0x0000002a36200000] [id=8100]
  0x000001b85f3e2280 WatcherThread [stack: 0x0000002a36d00000,0x0000002a36e00000] [id=14868]
  0x000001b8451d0590 GCTaskThread "GC Thread#0" [stack: 0x0000002a35c00000,0x0000002a35d00000] [id=29364]
  0x000001b85f6aec90 GCTaskThread "GC Thread#1" [stack: 0x0000002a36e00000,0x0000002a36f00000] [id=15840]
  0x000001b85f55c550 GCTaskThread "GC Thread#2" [stack: 0x0000002a36f00000,0x0000002a37000000] [id=26936]
  0x000001b85f55c810 GCTaskThread "GC Thread#3" [stack: 0x0000002a37000000,0x0000002a37100000] [id=7376]
  0x000001b8451d6400 ConcurrentGCThread "G1 Main Marker" [stack: 0x0000002a35d00000,0x0000002a35e00000] [id=28680]
  0x000001b8451d74c0 ConcurrentGCThread "G1 Conc#0" [stack: 0x0000002a35e00000,0x0000002a35f00000] [id=29500]
  0x000001b85f0c64c0 ConcurrentGCThread "G1 Refine#0" [stack: 0x0000002a35f00000,0x0000002a36000000] [id=19264]
  0x000001b85f0c6e00 ConcurrentGCThread "G1 Service" [stack: 0x0000002a36000000,0x0000002a36100000] [id=18796]

Threads with active compile tasks:
C2 CompilerThread0    14158 2497   !   4       java.net.URLClassLoader::findClass (47 bytes)

VM state: not at safepoint (normal execution)

VM Mutex/Monitor currently owned by a thread: None

Heap address: 0x00000000e0000000, size: 512 MB, Compressed Oops mode: 32-bit

CDS archive(s) mapped at: [0x000001b860000000-0x000001b860bd0000-0x000001b860bd0000), size 12386304, SharedBaseAddress: 0x000001b860000000, ArchiveRelocationMode: 1.
Compressed class space mapped at: 0x000001b861000000-0x000001b875000000, reserved size: 335544320
Narrow klass base: 0x000001b860000000, Narrow klass shift: 0, Narrow klass range: 0x100000000

GC Precious Log:
 CPUs: 4 total, 4 available
 Memory: 3929M
 Large Page Support: Disabled
 NUMA Support: Disabled
 Compressed Oops: Enabled (32-bit)
 Heap Region Size: 1M
 Heap Min Capacity: 256M
 Heap Initial Capacity: 256M
 Heap Max Capacity: 512M
 Pre-touch: Disabled
 Parallel Workers: 4
 Concurrent Workers: 1
 Concurrent Refinement Workers: 4
 Periodic GC: Disabled

Heap:
 garbage-first heap   total 262144K, used 103892K [0x00000000e0000000, 0x0000000100000000)
  region size 1024K, 91 young (93184K), 1 survivors (1024K)
 Metaspace       used 18378K, committed 18688K, reserved 393216K
  class space    used 2664K, committed 2816K, reserved 327680K

Heap Regions: E=young(eden), S=young(survivor), O=old, HS=humongous(starts), HC=humongous(continues), CS=collection set, F=free, OA=open archive, CA=closed archive, TAMS=top-at-mark-start (previous, next)
|   0|0x00000000e0000000, 0x00000000e0100000, 0x00000000e0100000|100%| O|  |TAMS 0x00000000e0000000, 0x00000000e0000000| Untracked 
|   1|0x00000000e0100000, 0x00000000e0200000, 0x00000000e0200000|100%| O|  |TAMS 0x00000000e0100000, 0x00000000e0100000| Untracked 
|   2|0x00000000e0200000, 0x00000000e0300000, 0x00000000e0300000|100%|HS|  |TAMS 0x00000000e0200000, 0x00000000e0200000| Complete 
|   3|0x00000000e0300000, 0x00000000e0400000, 0x00000000e0400000|100%|HC|  |TAMS 0x00000000e0300000, 0x00000000e0300000| Complete 
|   4|0x00000000e0400000, 0x00000000e0500000, 0x00000000e0500000|100%|HC|  |TAMS 0x00000000e0400000, 0x00000000e0400000| Complete 
|   5|0x00000000e0500000, 0x00000000e0600000, 0x00000000e0600000|100%|HC|  |TAMS 0x00000000e0500000, 0x00000000e0500000| Complete 
|   6|0x00000000e0600000, 0x00000000e0700000, 0x00000000e0700000|100%| O|  |TAMS 0x00000000e0600000, 0x00000000e0600000| Untracked 
|   7|0x00000000e0700000, 0x00000000e0800000, 0x00000000e0800000|100%| O|  |TAMS 0x00000000e0700000, 0x00000000e0700000| Untracked 
|   8|0x00000000e0800000, 0x00000000e0900000, 0x00000000e0900000|100%| O|  |TAMS 0x00000000e0800000, 0x00000000e0800000| Untracked 
|   9|0x00000000e0900000, 0x00000000e0a00000, 0x00000000e0a00000|100%| O|  |TAMS 0x00000000e0900000, 0x00000000e0900000| Untracked 
|  10|0x00000000e0a00000, 0x00000000e0afa200, 0x00000000e0b00000| 97%| O|  |TAMS 0x00000000e0a00000, 0x00000000e0a00000| Untracked 
|  11|0x00000000e0b00000, 0x00000000e0c00000, 0x00000000e0c00000|100%|HS|  |TAMS 0x00000000e0b00000, 0x00000000e0b00000| Complete 
|  12|0x00000000e0c00000, 0x00000000e0c00000, 0x00000000e0d00000|  0%| F|  |TAMS 0x00000000e0c00000, 0x00000000e0c00000| Untracked 
|  13|0x00000000e0d00000, 0x00000000e0d00000, 0x00000000e0e00000|  0%| F|  |TAMS 0x00000000e0d00000, 0x00000000e0d00000| Untracked 
|  14|0x00000000e0e00000, 0x00000000e0e00000, 0x00000000e0f00000|  0%| F|  |TAMS 0x00000000e0e00000, 0x00000000e0e00000| Untracked 
|  15|0x00000000e0f00000, 0x00000000e0f00000, 0x00000000e1000000|  0%| F|  |TAMS 0x00000000e0f00000, 0x00000000e0f00000| Untracked 
|  16|0x00000000e1000000, 0x00000000e1000000, 0x00000000e1100000|  0%| F|  |TAMS 0x00000000e1000000, 0x00000000e1000000| Untracked 
|  17|0x00000000e1100000, 0x00000000e1100000, 0x00000000e1200000|  0%| F|  |TAMS 0x00000000e1100000, 0x00000000e1100000| Untracked 
|  18|0x00000000e1200000, 0x00000000e1200000, 0x00000000e1300000|  0%| F|  |TAMS 0x00000000e1200000, 0x00000000e1200000| Untracked 
|  19|0x00000000e1300000, 0x00000000e1300000, 0x00000000e1400000|  0%| F|  |TAMS 0x00000000e1300000, 0x00000000e1300000| Untracked 
|  20|0x00000000e1400000, 0x00000000e1400000, 0x00000000e1500000|  0%| F|  |TAMS 0x00000000e1400000, 0x00000000e1400000| Untracked 
|  21|0x00000000e1500000, 0x00000000e1500000, 0x00000000e1600000|  0%| F|  |TAMS 0x00000000e1500000, 0x00000000e1500000| Untracked 
|  22|0x00000000e1600000, 0x00000000e1600000, 0x00000000e1700000|  0%| F|  |TAMS 0x00000000e1600000, 0x00000000e1600000| Untracked 
|  23|0x00000000e1700000, 0x00000000e1700000, 0x00000000e1800000|  0%| F|  |TAMS 0x00000000e1700000, 0x00000000e1700000| Untracked 
|  24|0x00000000e1800000, 0x00000000e1800000, 0x00000000e1900000|  0%| F|  |TAMS 0x00000000e1800000, 0x00000000e1800000| Untracked 
|  25|0x00000000e1900000, 0x00000000e1900000, 0x00000000e1a00000|  0%| F|  |TAMS 0x00000000e1900000, 0x00000000e1900000| Untracked 
|  26|0x00000000e1a00000, 0x00000000e1a00000, 0x00000000e1b00000|  0%| F|  |TAMS 0x00000000e1a00000, 0x00000000e1a00000| Untracked 
|  27|0x00000000e1b00000, 0x00000000e1b00000, 0x00000000e1c00000|  0%| F|  |TAMS 0x00000000e1b00000, 0x00000000e1b00000| Untracked 
|  28|0x00000000e1c00000, 0x00000000e1c00000, 0x00000000e1d00000|  0%| F|  |TAMS 0x00000000e1c00000, 0x00000000e1c00000| Untracked 
|  29|0x00000000e1d00000, 0x00000000e1d00000, 0x00000000e1e00000|  0%| F|  |TAMS 0x00000000e1d00000, 0x00000000e1d00000| Untracked 
|  30|0x00000000e1e00000, 0x00000000e1e00000, 0x00000000e1f00000|  0%| F|  |TAMS 0x00000000e1e00000, 0x00000000e1e00000| Untracked 
|  31|0x00000000e1f00000, 0x00000000e1f00000, 0x00000000e2000000|  0%| F|  |TAMS 0x00000000e1f00000, 0x00000000e1f00000| Untracked 
|  32|0x00000000e2000000, 0x00000000e2000000, 0x00000000e2100000|  0%| F|  |TAMS 0x00000000e2000000, 0x00000000e2000000| Untracked 
|  33|0x00000000e2100000, 0x00000000e2100000, 0x00000000e2200000|  0%| F|  |TAMS 0x00000000e2100000, 0x00000000e2100000| Untracked 
|  34|0x00000000e2200000, 0x00000000e2200000, 0x00000000e2300000|  0%| F|  |TAMS 0x00000000e2200000, 0x00000000e2200000| Untracked 
|  35|0x00000000e2300000, 0x00000000e2300000, 0x00000000e2400000|  0%| F|  |TAMS 0x00000000e2300000, 0x00000000e2300000| Untracked 
|  36|0x00000000e2400000, 0x00000000e2400000, 0x00000000e2500000|  0%| F|  |TAMS 0x00000000e2400000, 0x00000000e2400000| Untracked 
|  37|0x00000000e2500000, 0x00000000e2500000, 0x00000000e2600000|  0%| F|  |TAMS 0x00000000e2500000, 0x00000000e2500000| Untracked 
|  38|0x00000000e2600000, 0x00000000e2600000, 0x00000000e2700000|  0%| F|  |TAMS 0x00000000e2600000, 0x00000000e2600000| Untracked 
|  39|0x00000000e2700000, 0x00000000e2700000, 0x00000000e2800000|  0%| F|  |TAMS 0x00000000e2700000, 0x00000000e2700000| Untracked 
|  40|0x00000000e2800000, 0x00000000e2800000, 0x00000000e2900000|  0%| F|  |TAMS 0x00000000e2800000, 0x00000000e2800000| Untracked 
|  41|0x00000000e2900000, 0x00000000e2900000, 0x00000000e2a00000|  0%| F|  |TAMS 0x00000000e2900000, 0x00000000e2900000| Untracked 
|  42|0x00000000e2a00000, 0x00000000e2a00000, 0x00000000e2b00000|  0%| F|  |TAMS 0x00000000e2a00000, 0x00000000e2a00000| Untracked 
|  43|0x00000000e2b00000, 0x00000000e2b00000, 0x00000000e2c00000|  0%| F|  |TAMS 0x00000000e2b00000, 0x00000000e2b00000| Untracked 
|  44|0x00000000e2c00000, 0x00000000e2c00000, 0x00000000e2d00000|  0%| F|  |TAMS 0x00000000e2c00000, 0x00000000e2c00000| Untracked 
|  45|0x00000000e2d00000, 0x00000000e2d00000, 0x00000000e2e00000|  0%| F|  |TAMS 0x00000000e2d00000, 0x00000000e2d00000| Untracked 
|  46|0x00000000e2e00000, 0x00000000e2e00000, 0x00000000e2f00000|  0%| F|  |TAMS 0x00000000e2e00000, 0x00000000e2e00000| Untracked 
|  47|0x00000000e2f00000, 0x00000000e2f00000, 0x00000000e3000000|  0%| F|  |TAMS 0x00000000e2f00000, 0x00000000e2f00000| Untracked 
|  48|0x00000000e3000000, 0x00000000e3000000, 0x00000000e3100000|  0%| F|  |TAMS 0x00000000e3000000, 0x00000000e3000000| Untracked 
|  49|0x00000000e3100000, 0x00000000e3100000, 0x00000000e3200000|  0%| F|  |TAMS 0x00000000e3100000, 0x00000000e3100000| Untracked 
|  50|0x00000000e3200000, 0x00000000e3200000, 0x00000000e3300000|  0%| F|  |TAMS 0x00000000e3200000, 0x00000000e3200000| Untracked 
|  51|0x00000000e3300000, 0x00000000e3300000, 0x00000000e3400000|  0%| F|  |TAMS 0x00000000e3300000, 0x00000000e3300000| Untracked 
|  52|0x00000000e3400000, 0x00000000e3400000, 0x00000000e3500000|  0%| F|  |TAMS 0x00000000e3400000, 0x00000000e3400000| Untracked 
|  53|0x00000000e3500000, 0x00000000e3500000, 0x00000000e3600000|  0%| F|  |TAMS 0x00000000e3500000, 0x00000000e3500000| Untracked 
|  54|0x00000000e3600000, 0x00000000e3600000, 0x00000000e3700000|  0%| F|  |TAMS 0x00000000e3600000, 0x00000000e3600000| Untracked 
|  55|0x00000000e3700000, 0x00000000e3700000, 0x00000000e3800000|  0%| F|  |TAMS 0x00000000e3700000, 0x00000000e3700000| Untracked 
|  56|0x00000000e3800000, 0x00000000e3800000, 0x00000000e3900000|  0%| F|  |TAMS 0x00000000e3800000, 0x00000000e3800000| Untracked 
|  57|0x00000000e3900000, 0x00000000e3900000, 0x00000000e3a00000|  0%| F|  |TAMS 0x00000000e3900000, 0x00000000e3900000| Untracked 
|  58|0x00000000e3a00000, 0x00000000e3a00000, 0x00000000e3b00000|  0%| F|  |TAMS 0x00000000e3a00000, 0x00000000e3a00000| Untracked 
|  59|0x00000000e3b00000, 0x00000000e3b00000, 0x00000000e3c00000|  0%| F|  |TAMS 0x00000000e3b00000, 0x00000000e3b00000| Untracked 
|  60|0x00000000e3c00000, 0x00000000e3c00000, 0x00000000e3d00000|  0%| F|  |TAMS 0x00000000e3c00000, 0x00000000e3c00000| Untracked 
|  61|0x00000000e3d00000, 0x00000000e3d00000, 0x00000000e3e00000|  0%| F|  |TAMS 0x00000000e3d00000, 0x00000000e3d00000| Untracked 
|  62|0x00000000e3e00000, 0x00000000e3e00000, 0x00000000e3f00000|  0%| F|  |TAMS 0x00000000e3e00000, 0x00000000e3e00000| Untracked 
|  63|0x00000000e3f00000, 0x00000000e3f00000, 0x00000000e4000000|  0%| F|  |TAMS 0x00000000e3f00000, 0x00000000e3f00000| Untracked 
|  64|0x00000000e4000000, 0x00000000e4000000, 0x00000000e4100000|  0%| F|  |TAMS 0x00000000e4000000, 0x00000000e4000000| Untracked 
|  65|0x00000000e4100000, 0x00000000e4100000, 0x00000000e4200000|  0%| F|  |TAMS 0x00000000e4100000, 0x00000000e4100000| Untracked 
|  66|0x00000000e4200000, 0x00000000e4200000, 0x00000000e4300000|  0%| F|  |TAMS 0x00000000e4200000, 0x00000000e4200000| Untracked 
|  67|0x00000000e4300000, 0x00000000e4300000, 0x00000000e4400000|  0%| F|  |TAMS 0x00000000e4300000, 0x00000000e4300000| Untracked 
|  68|0x00000000e4400000, 0x00000000e4400000, 0x00000000e4500000|  0%| F|  |TAMS 0x00000000e4400000, 0x00000000e4400000| Untracked 
|  69|0x00000000e4500000, 0x00000000e4500000, 0x00000000e4600000|  0%| F|  |TAMS 0x00000000e4500000, 0x00000000e4500000| Untracked 
|  70|0x00000000e4600000, 0x00000000e4600000, 0x00000000e4700000|  0%| F|  |TAMS 0x00000000e4600000, 0x00000000e4600000| Untracked 
|  71|0x00000000e4700000, 0x00000000e4700000, 0x00000000e4800000|  0%| F|  |TAMS 0x00000000e4700000, 0x00000000e4700000| Untracked 
|  72|0x00000000e4800000, 0x00000000e4800000, 0x00000000e4900000|  0%| F|  |TAMS 0x00000000e4800000, 0x00000000e4800000| Untracked 
|  73|0x00000000e4900000, 0x00000000e4900000, 0x00000000e4a00000|  0%| F|  |TAMS 0x00000000e4900000, 0x00000000e4900000| Untracked 
|  74|0x00000000e4a00000, 0x00000000e4a00000, 0x00000000e4b00000|  0%| F|  |TAMS 0x00000000e4a00000, 0x00000000e4a00000| Untracked 
|  75|0x00000000e4b00000, 0x00000000e4b00000, 0x00000000e4c00000|  0%| F|  |TAMS 0x00000000e4b00000, 0x00000000e4b00000| Untracked 
|  76|0x00000000e4c00000, 0x00000000e4c00000, 0x00000000e4d00000|  0%| F|  |TAMS 0x00000000e4c00000, 0x00000000e4c00000| Untracked 
|  77|0x00000000e4d00000, 0x00000000e4d00000, 0x00000000e4e00000|  0%| F|  |TAMS 0x00000000e4d00000, 0x00000000e4d00000| Untracked 
|  78|0x00000000e4e00000, 0x00000000e4e00000, 0x00000000e4f00000|  0%| F|  |TAMS 0x00000000e4e00000, 0x00000000e4e00000| Untracked 
|  79|0x00000000e4f00000, 0x00000000e4f00000, 0x00000000e5000000|  0%| F|  |TAMS 0x00000000e4f00000, 0x00000000e4f00000| Untracked 
|  80|0x00000000e5000000, 0x00000000e5000000, 0x00000000e5100000|  0%| F|  |TAMS 0x00000000e5000000, 0x00000000e5000000| Untracked 
|  81|0x00000000e5100000, 0x00000000e5100000, 0x00000000e5200000|  0%| F|  |TAMS 0x00000000e5100000, 0x00000000e5100000| Untracked 
|  82|0x00000000e5200000, 0x00000000e5200000, 0x00000000e5300000|  0%| F|  |TAMS 0x00000000e5200000, 0x00000000e5200000| Untracked 
|  83|0x00000000e5300000, 0x00000000e5300000, 0x00000000e5400000|  0%| F|  |TAMS 0x00000000e5300000, 0x00000000e5300000| Untracked 
|  84|0x00000000e5400000, 0x00000000e5400000, 0x00000000e5500000|  0%| F|  |TAMS 0x00000000e5400000, 0x00000000e5400000| Untracked 
|  85|0x00000000e5500000, 0x00000000e5500000, 0x00000000e5600000|  0%| F|  |TAMS 0x00000000e5500000, 0x00000000e5500000| Untracked 
|  86|0x00000000e5600000, 0x00000000e5600000, 0x00000000e5700000|  0%| F|  |TAMS 0x00000000e5600000, 0x00000000e5600000| Untracked 
|  87|0x00000000e5700000, 0x00000000e5700000, 0x00000000e5800000|  0%| F|  |TAMS 0x00000000e5700000, 0x00000000e5700000| Untracked 
|  88|0x00000000e5800000, 0x00000000e5800000, 0x00000000e5900000|  0%| F|  |TAMS 0x00000000e5800000, 0x00000000e5800000| Untracked 
|  89|0x00000000e5900000, 0x00000000e5900000, 0x00000000e5a00000|  0%| F|  |TAMS 0x00000000e5900000, 0x00000000e5900000| Untracked 
|  90|0x00000000e5a00000, 0x00000000e5a00000, 0x00000000e5b00000|  0%| F|  |TAMS 0x00000000e5a00000, 0x00000000e5a00000| Untracked 
|  91|0x00000000e5b00000, 0x00000000e5b00000, 0x00000000e5c00000|  0%| F|  |TAMS 0x00000000e5b00000, 0x00000000e5b00000| Untracked 
|  92|0x00000000e5c00000, 0x00000000e5c00000, 0x00000000e5d00000|  0%| F|  |TAMS 0x00000000e5c00000, 0x00000000e5c00000| Untracked 
|  93|0x00000000e5d00000, 0x00000000e5d00000, 0x00000000e5e00000|  0%| F|  |TAMS 0x00000000e5d00000, 0x00000000e5d00000| Untracked 
|  94|0x00000000e5e00000, 0x00000000e5e00000, 0x00000000e5f00000|  0%| F|  |TAMS 0x00000000e5e00000, 0x00000000e5e00000| Untracked 
|  95|0x00000000e5f00000, 0x00000000e5f00000, 0x00000000e6000000|  0%| F|  |TAMS 0x00000000e5f00000, 0x00000000e5f00000| Untracked 
|  96|0x00000000e6000000, 0x00000000e6000000, 0x00000000e6100000|  0%| F|  |TAMS 0x00000000e6000000, 0x00000000e6000000| Untracked 
|  97|0x00000000e6100000, 0x00000000e6100000, 0x00000000e6200000|  0%| F|  |TAMS 0x00000000e6100000, 0x00000000e6100000| Untracked 
|  98|0x00000000e6200000, 0x00000000e6200000, 0x00000000e6300000|  0%| F|  |TAMS 0x00000000e6200000, 0x00000000e6200000| Untracked 
|  99|0x00000000e6300000, 0x00000000e6300000, 0x00000000e6400000|  0%| F|  |TAMS 0x00000000e6300000, 0x00000000e6300000| Untracked 
| 100|0x00000000e6400000, 0x00000000e6400000, 0x00000000e6500000|  0%| F|  |TAMS 0x00000000e6400000, 0x00000000e6400000| Untracked 
| 101|0x00000000e6500000, 0x00000000e6500000, 0x00000000e6600000|  0%| F|  |TAMS 0x00000000e6500000, 0x00000000e6500000| Untracked 
| 102|0x00000000e6600000, 0x00000000e6600000, 0x00000000e6700000|  0%| F|  |TAMS 0x00000000e6600000, 0x00000000e6600000| Untracked 
| 103|0x00000000e6700000, 0x00000000e6700000, 0x00000000e6800000|  0%| F|  |TAMS 0x00000000e6700000, 0x00000000e6700000| Untracked 
| 104|0x00000000e6800000, 0x00000000e6800000, 0x00000000e6900000|  0%| F|  |TAMS 0x00000000e6800000, 0x00000000e6800000| Untracked 
| 105|0x00000000e6900000, 0x00000000e6900000, 0x00000000e6a00000|  0%| F|  |TAMS 0x00000000e6900000, 0x00000000e6900000| Untracked 
| 106|0x00000000e6a00000, 0x00000000e6a00000, 0x00000000e6b00000|  0%| F|  |TAMS 0x00000000e6a00000, 0x00000000e6a00000| Untracked 
| 107|0x00000000e6b00000, 0x00000000e6b00000, 0x00000000e6c00000|  0%| F|  |TAMS 0x00000000e6b00000, 0x00000000e6b00000| Untracked 
| 108|0x00000000e6c00000, 0x00000000e6c00000, 0x00000000e6d00000|  0%| F|  |TAMS 0x00000000e6c00000, 0x00000000e6c00000| Untracked 
| 109|0x00000000e6d00000, 0x00000000e6d00000, 0x00000000e6e00000|  0%| F|  |TAMS 0x00000000e6d00000, 0x00000000e6d00000| Untracked 
| 110|0x00000000e6e00000, 0x00000000e6e00000, 0x00000000e6f00000|  0%| F|  |TAMS 0x00000000e6e00000, 0x00000000e6e00000| Untracked 
| 111|0x00000000e6f00000, 0x00000000e6f00000, 0x00000000e7000000|  0%| F|  |TAMS 0x00000000e6f00000, 0x00000000e6f00000| Untracked 
| 112|0x00000000e7000000, 0x00000000e7000000, 0x00000000e7100000|  0%| F|  |TAMS 0x00000000e7000000, 0x00000000e7000000| Untracked 
| 113|0x00000000e7100000, 0x00000000e7100000, 0x00000000e7200000|  0%| F|  |TAMS 0x00000000e7100000, 0x00000000e7100000| Untracked 
| 114|0x00000000e7200000, 0x00000000e7200000, 0x00000000e7300000|  0%| F|  |TAMS 0x00000000e7200000, 0x00000000e7200000| Untracked 
| 115|0x00000000e7300000, 0x00000000e7300000, 0x00000000e7400000|  0%| F|  |TAMS 0x00000000e7300000, 0x00000000e7300000| Untracked 
| 116|0x00000000e7400000, 0x00000000e7400000, 0x00000000e7500000|  0%| F|  |TAMS 0x00000000e7400000, 0x00000000e7400000| Untracked 
| 117|0x00000000e7500000, 0x00000000e7500000, 0x00000000e7600000|  0%| F|  |TAMS 0x00000000e7500000, 0x00000000e7500000| Untracked 
| 118|0x00000000e7600000, 0x00000000e7600000, 0x00000000e7700000|  0%| F|  |TAMS 0x00000000e7600000, 0x00000000e7600000| Untracked 
| 119|0x00000000e7700000, 0x00000000e7700000, 0x00000000e7800000|  0%| F|  |TAMS 0x00000000e7700000, 0x00000000e7700000| Untracked 
| 120|0x00000000e7800000, 0x00000000e7800000, 0x00000000e7900000|  0%| F|  |TAMS 0x00000000e7800000, 0x00000000e7800000| Untracked 
| 121|0x00000000e7900000, 0x00000000e7900000, 0x00000000e7a00000|  0%| F|  |TAMS 0x00000000e7900000, 0x00000000e7900000| Untracked 
| 122|0x00000000e7a00000, 0x00000000e7a00000, 0x00000000e7b00000|  0%| F|  |TAMS 0x00000000e7a00000, 0x00000000e7a00000| Untracked 
| 123|0x00000000e7b00000, 0x00000000e7b00000, 0x00000000e7c00000|  0%| F|  |TAMS 0x00000000e7b00000, 0x00000000e7b00000| Untracked 
| 124|0x00000000e7c00000, 0x00000000e7c00000, 0x00000000e7d00000|  0%| F|  |TAMS 0x00000000e7c00000, 0x00000000e7c00000| Untracked 
| 125|0x00000000e7d00000, 0x00000000e7d00000, 0x00000000e7e00000|  0%| F|  |TAMS 0x00000000e7d00000, 0x00000000e7d00000| Untracked 
| 126|0x00000000e7e00000, 0x00000000e7e00000, 0x00000000e7f00000|  0%| F|  |TAMS 0x00000000e7e00000, 0x00000000e7e00000| Untracked 
| 127|0x00000000e7f00000, 0x00000000e7f00000, 0x00000000e8000000|  0%| F|  |TAMS 0x00000000e7f00000, 0x00000000e7f00000| Untracked 
| 128|0x00000000e8000000, 0x00000000e8000000, 0x00000000e8100000|  0%| F|  |TAMS 0x00000000e8000000, 0x00000000e8000000| Untracked 
| 129|0x00000000e8100000, 0x00000000e8100000, 0x00000000e8200000|  0%| F|  |TAMS 0x00000000e8100000, 0x00000000e8100000| Untracked 
| 130|0x00000000e8200000, 0x00000000e8200000, 0x00000000e8300000|  0%| F|  |TAMS 0x00000000e8200000, 0x00000000e8200000| Untracked 
| 131|0x00000000e8300000, 0x00000000e8300000, 0x00000000e8400000|  0%| F|  |TAMS 0x00000000e8300000, 0x00000000e8300000| Untracked 
| 132|0x00000000e8400000, 0x00000000e8400000, 0x00000000e8500000|  0%| F|  |TAMS 0x00000000e8400000, 0x00000000e8400000| Untracked 
| 133|0x00000000e8500000, 0x00000000e8500000, 0x00000000e8600000|  0%| F|  |TAMS 0x00000000e8500000, 0x00000000e8500000| Untracked 
| 134|0x00000000e8600000, 0x00000000e8600000, 0x00000000e8700000|  0%| F|  |TAMS 0x00000000e8600000, 0x00000000e8600000| Untracked 
| 135|0x00000000e8700000, 0x00000000e8700000, 0x00000000e8800000|  0%| F|  |TAMS 0x00000000e8700000, 0x00000000e8700000| Untracked 
| 136|0x00000000e8800000, 0x00000000e8800000, 0x00000000e8900000|  0%| F|  |TAMS 0x00000000e8800000, 0x00000000e8800000| Untracked 
| 137|0x00000000e8900000, 0x00000000e8900000, 0x00000000e8a00000|  0%| F|  |TAMS 0x00000000e8900000, 0x00000000e8900000| Untracked 
| 138|0x00000000e8a00000, 0x00000000e8a00000, 0x00000000e8b00000|  0%| F|  |TAMS 0x00000000e8a00000, 0x00000000e8a00000| Untracked 
| 139|0x00000000e8b00000, 0x00000000e8b00000, 0x00000000e8c00000|  0%| F|  |TAMS 0x00000000e8b00000, 0x00000000e8b00000| Untracked 
| 140|0x00000000e8c00000, 0x00000000e8c00000, 0x00000000e8d00000|  0%| F|  |TAMS 0x00000000e8c00000, 0x00000000e8c00000| Untracked 
| 141|0x00000000e8d00000, 0x00000000e8d00000, 0x00000000e8e00000|  0%| F|  |TAMS 0x00000000e8d00000, 0x00000000e8d00000| Untracked 
| 142|0x00000000e8e00000, 0x00000000e8e00000, 0x00000000e8f00000|  0%| F|  |TAMS 0x00000000e8e00000, 0x00000000e8e00000| Untracked 
| 143|0x00000000e8f00000, 0x00000000e8f00000, 0x00000000e9000000|  0%| F|  |TAMS 0x00000000e8f00000, 0x00000000e8f00000| Untracked 
| 144|0x00000000e9000000, 0x00000000e9000000, 0x00000000e9100000|  0%| F|  |TAMS 0x00000000e9000000, 0x00000000e9000000| Untracked 
| 145|0x00000000e9100000, 0x00000000e9100000, 0x00000000e9200000|  0%| F|  |TAMS 0x00000000e9100000, 0x00000000e9100000| Untracked 
| 146|0x00000000e9200000, 0x00000000e9200000, 0x00000000e9300000|  0%| F|  |TAMS 0x00000000e9200000, 0x00000000e9200000| Untracked 
| 147|0x00000000e9300000, 0x00000000e9300000, 0x00000000e9400000|  0%| F|  |TAMS 0x00000000e9300000, 0x00000000e9300000| Untracked 
| 148|0x00000000e9400000, 0x00000000e9400000, 0x00000000e9500000|  0%| F|  |TAMS 0x00000000e9400000, 0x00000000e9400000| Untracked 
| 149|0x00000000e9500000, 0x00000000e9500000, 0x00000000e9600000|  0%| F|  |TAMS 0x00000000e9500000, 0x00000000e9500000| Untracked 
| 150|0x00000000e9600000, 0x00000000e9600000, 0x00000000e9700000|  0%| F|  |TAMS 0x00000000e9600000, 0x00000000e9600000| Untracked 
| 151|0x00000000e9700000, 0x00000000e9700000, 0x00000000e9800000|  0%| F|  |TAMS 0x00000000e9700000, 0x00000000e9700000| Untracked 
| 152|0x00000000e9800000, 0x00000000e9800000, 0x00000000e9900000|  0%| F|  |TAMS 0x00000000e9800000, 0x00000000e9800000| Untracked 
| 153|0x00000000e9900000, 0x00000000e9900000, 0x00000000e9a00000|  0%| F|  |TAMS 0x00000000e9900000, 0x00000000e9900000| Untracked 
| 154|0x00000000e9a00000, 0x00000000e9a00000, 0x00000000e9b00000|  0%| F|  |TAMS 0x00000000e9a00000, 0x00000000e9a00000| Untracked 
| 155|0x00000000e9b00000, 0x00000000e9b00000, 0x00000000e9c00000|  0%| F|  |TAMS 0x00000000e9b00000, 0x00000000e9b00000| Untracked 
| 156|0x00000000e9c00000, 0x00000000e9c00000, 0x00000000e9d00000|  0%| F|  |TAMS 0x00000000e9c00000, 0x00000000e9c00000| Untracked 
| 157|0x00000000e9d00000, 0x00000000e9d00000, 0x00000000e9e00000|  0%| F|  |TAMS 0x00000000e9d00000, 0x00000000e9d00000| Untracked 
| 158|0x00000000e9e00000, 0x00000000e9e00000, 0x00000000e9f00000|  0%| F|  |TAMS 0x00000000e9e00000, 0x00000000e9e00000| Untracked 
| 159|0x00000000e9f00000, 0x00000000e9f00000, 0x00000000ea000000|  0%| F|  |TAMS 0x00000000e9f00000, 0x00000000e9f00000| Untracked 
| 160|0x00000000ea000000, 0x00000000ea000000, 0x00000000ea100000|  0%| F|  |TAMS 0x00000000ea000000, 0x00000000ea000000| Untracked 
| 161|0x00000000ea100000, 0x00000000ea100000, 0x00000000ea200000|  0%| F|  |TAMS 0x00000000ea100000, 0x00000000ea100000| Untracked 
| 162|0x00000000ea200000, 0x00000000ea200000, 0x00000000ea300000|  0%| F|  |TAMS 0x00000000ea200000, 0x00000000ea200000| Untracked 
| 163|0x00000000ea300000, 0x00000000ea300000, 0x00000000ea400000|  0%| F|  |TAMS 0x00000000ea300000, 0x00000000ea300000| Untracked 
| 164|0x00000000ea400000, 0x00000000ea400000, 0x00000000ea500000|  0%| F|  |TAMS 0x00000000ea400000, 0x00000000ea400000| Untracked 
| 165|0x00000000ea500000, 0x00000000ea600000, 0x00000000ea600000|100%| E|  |TAMS 0x00000000ea500000, 0x00000000ea500000| Complete 
| 166|0x00000000ea600000, 0x00000000ea700000, 0x00000000ea700000|100%| E|CS|TAMS 0x00000000ea600000, 0x00000000ea600000| Complete 
| 167|0x00000000ea700000, 0x00000000ea800000, 0x00000000ea800000|100%| E|CS|TAMS 0x00000000ea700000, 0x00000000ea700000| Complete 
| 168|0x00000000ea800000, 0x00000000ea900000, 0x00000000ea900000|100%| E|CS|TAMS 0x00000000ea800000, 0x00000000ea800000| Complete 
| 169|0x00000000ea900000, 0x00000000eaa00000, 0x00000000eaa00000|100%| E|CS|TAMS 0x00000000ea900000, 0x00000000ea900000| Complete 
| 170|0x00000000eaa00000, 0x00000000eab00000, 0x00000000eab00000|100%| E|CS|TAMS 0x00000000eaa00000, 0x00000000eaa00000| Complete 
| 171|0x00000000eab00000, 0x00000000eac00000, 0x00000000eac00000|100%| E|CS|TAMS 0x00000000eab00000, 0x00000000eab00000| Complete 
| 172|0x00000000eac00000, 0x00000000ead00000, 0x00000000ead00000|100%| E|CS|TAMS 0x00000000eac00000, 0x00000000eac00000| Complete 
| 173|0x00000000ead00000, 0x00000000eae00000, 0x00000000eae00000|100%| E|CS|TAMS 0x00000000ead00000, 0x00000000ead00000| Complete 
| 174|0x00000000eae00000, 0x00000000eaf00000, 0x00000000eaf00000|100%| E|CS|TAMS 0x00000000eae00000, 0x00000000eae00000| Complete 
| 175|0x00000000eaf00000, 0x00000000eb000000, 0x00000000eb000000|100%| E|CS|TAMS 0x00000000eaf00000, 0x00000000eaf00000| Complete 
| 176|0x00000000eb000000, 0x00000000eb100000, 0x00000000eb100000|100%| E|CS|TAMS 0x00000000eb000000, 0x00000000eb000000| Complete 
| 177|0x00000000eb100000, 0x00000000eb200000, 0x00000000eb200000|100%| E|CS|TAMS 0x00000000eb100000, 0x00000000eb100000| Complete 
| 178|0x00000000eb200000, 0x00000000eb300000, 0x00000000eb300000|100%| E|CS|TAMS 0x00000000eb200000, 0x00000000eb200000| Complete 
| 179|0x00000000eb300000, 0x00000000eb400000, 0x00000000eb400000|100%| E|CS|TAMS 0x00000000eb300000, 0x00000000eb300000| Complete 
| 180|0x00000000eb400000, 0x00000000eb500000, 0x00000000eb500000|100%| E|CS|TAMS 0x00000000eb400000, 0x00000000eb400000| Complete 
| 181|0x00000000eb500000, 0x00000000eb600000, 0x00000000eb600000|100%| E|CS|TAMS 0x00000000eb500000, 0x00000000eb500000| Complete 
| 182|0x00000000eb600000, 0x00000000eb700000, 0x00000000eb700000|100%| E|CS|TAMS 0x00000000eb600000, 0x00000000eb600000| Complete 
| 183|0x00000000eb700000, 0x00000000eb800000, 0x00000000eb800000|100%| E|CS|TAMS 0x00000000eb700000, 0x00000000eb700000| Complete 
| 184|0x00000000eb800000, 0x00000000eb900000, 0x00000000eb900000|100%| E|CS|TAMS 0x00000000eb800000, 0x00000000eb800000| Complete 
| 185|0x00000000eb900000, 0x00000000eba00000, 0x00000000eba00000|100%| E|CS|TAMS 0x00000000eb900000, 0x00000000eb900000| Complete 
| 186|0x00000000eba00000, 0x00000000ebb00000, 0x00000000ebb00000|100%| E|CS|TAMS 0x00000000eba00000, 0x00000000eba00000| Complete 
| 187|0x00000000ebb00000, 0x00000000ebc00000, 0x00000000ebc00000|100%| E|CS|TAMS 0x00000000ebb00000, 0x00000000ebb00000| Complete 
| 188|0x00000000ebc00000, 0x00000000ebd00000, 0x00000000ebd00000|100%| E|CS|TAMS 0x00000000ebc00000, 0x00000000ebc00000| Complete 
| 189|0x00000000ebd00000, 0x00000000ebe00000, 0x00000000ebe00000|100%| E|CS|TAMS 0x00000000ebd00000, 0x00000000ebd00000| Complete 
| 190|0x00000000ebe00000, 0x00000000ebf00000, 0x00000000ebf00000|100%| E|CS|TAMS 0x00000000ebe00000, 0x00000000ebe00000| Complete 
| 191|0x00000000ebf00000, 0x00000000ec000000, 0x00000000ec000000|100%| E|CS|TAMS 0x00000000ebf00000, 0x00000000ebf00000| Complete 
| 192|0x00000000ec000000, 0x00000000ec100000, 0x00000000ec100000|100%| E|CS|TAMS 0x00000000ec000000, 0x00000000ec000000| Complete 
| 193|0x00000000ec100000, 0x00000000ec200000, 0x00000000ec200000|100%| E|CS|TAMS 0x00000000ec100000, 0x00000000ec100000| Complete 
| 194|0x00000000ec200000, 0x00000000ec300000, 0x00000000ec300000|100%| E|CS|TAMS 0x00000000ec200000, 0x00000000ec200000| Complete 
| 195|0x00000000ec300000, 0x00000000ec400000, 0x00000000ec400000|100%| E|CS|TAMS 0x00000000ec300000, 0x00000000ec300000| Complete 
| 196|0x00000000ec400000, 0x00000000ec500000, 0x00000000ec500000|100%| E|CS|TAMS 0x00000000ec400000, 0x00000000ec400000| Complete 
| 197|0x00000000ec500000, 0x00000000ec600000, 0x00000000ec600000|100%| E|CS|TAMS 0x00000000ec500000, 0x00000000ec500000| Complete 
| 198|0x00000000ec600000, 0x00000000ec700000, 0x00000000ec700000|100%| E|CS|TAMS 0x00000000ec600000, 0x00000000ec600000| Complete 
| 199|0x00000000ec700000, 0x00000000ec800000, 0x00000000ec800000|100%| E|CS|TAMS 0x00000000ec700000, 0x00000000ec700000| Complete 
| 200|0x00000000ec800000, 0x00000000ec900000, 0x00000000ec900000|100%| E|CS|TAMS 0x00000000ec800000, 0x00000000ec800000| Complete 
| 201|0x00000000ec900000, 0x00000000eca00000, 0x00000000eca00000|100%| E|CS|TAMS 0x00000000ec900000, 0x00000000ec900000| Complete 
| 202|0x00000000eca00000, 0x00000000ecb00000, 0x00000000ecb00000|100%| E|CS|TAMS 0x00000000eca00000, 0x00000000eca00000| Complete 
| 203|0x00000000ecb00000, 0x00000000ecc00000, 0x00000000ecc00000|100%| E|CS|TAMS 0x00000000ecb00000, 0x00000000ecb00000| Complete 
| 204|0x00000000ecc00000, 0x00000000ecd00000, 0x00000000ecd00000|100%| E|CS|TAMS 0x00000000ecc00000, 0x00000000ecc00000| Complete 
| 205|0x00000000ecd00000, 0x00000000ece00000, 0x00000000ece00000|100%| E|CS|TAMS 0x00000000ecd00000, 0x00000000ecd00000| Complete 
| 206|0x00000000ece00000, 0x00000000ecf00000, 0x00000000ecf00000|100%| E|CS|TAMS 0x00000000ece00000, 0x00000000ece00000| Complete 
| 207|0x00000000ecf00000, 0x00000000ed000000, 0x00000000ed000000|100%| E|CS|TAMS 0x00000000ecf00000, 0x00000000ecf00000| Complete 
| 208|0x00000000ed000000, 0x00000000ed100000, 0x00000000ed100000|100%| E|CS|TAMS 0x00000000ed000000, 0x00000000ed000000| Complete 
| 209|0x00000000ed100000, 0x00000000ed200000, 0x00000000ed200000|100%| E|CS|TAMS 0x00000000ed100000, 0x00000000ed100000| Complete 
| 210|0x00000000ed200000, 0x00000000ed300000, 0x00000000ed300000|100%| E|CS|TAMS 0x00000000ed200000, 0x00000000ed200000| Complete 
| 211|0x00000000ed300000, 0x00000000ed400000, 0x00000000ed400000|100%| E|CS|TAMS 0x00000000ed300000, 0x00000000ed300000| Complete 
| 212|0x00000000ed400000, 0x00000000ed500000, 0x00000000ed500000|100%| E|CS|TAMS 0x00000000ed400000, 0x00000000ed400000| Complete 
| 213|0x00000000ed500000, 0x00000000ed600000, 0x00000000ed600000|100%| E|CS|TAMS 0x00000000ed500000, 0x00000000ed500000| Complete 
| 214|0x00000000ed600000, 0x00000000ed700000, 0x00000000ed700000|100%| E|CS|TAMS 0x00000000ed600000, 0x00000000ed600000| Complete 
| 215|0x00000000ed700000, 0x00000000ed800000, 0x00000000ed800000|100%| E|CS|TAMS 0x00000000ed700000, 0x00000000ed700000| Complete 
| 216|0x00000000ed800000, 0x00000000ed900000, 0x00000000ed900000|100%| E|CS|TAMS 0x00000000ed800000, 0x00000000ed800000| Complete 
| 217|0x00000000ed900000, 0x00000000eda00000, 0x00000000eda00000|100%| E|CS|TAMS 0x00000000ed900000, 0x00000000ed900000| Complete 
| 218|0x00000000eda00000, 0x00000000edb00000, 0x00000000edb00000|100%| E|CS|TAMS 0x00000000eda00000, 0x00000000eda00000| Complete 
| 219|0x00000000edb00000, 0x00000000edc00000, 0x00000000edc00000|100%| E|CS|TAMS 0x00000000edb00000, 0x00000000edb00000| Complete 
| 220|0x00000000edc00000, 0x00000000edd00000, 0x00000000edd00000|100%| E|CS|TAMS 0x00000000edc00000, 0x00000000edc00000| Complete 
| 221|0x00000000edd00000, 0x00000000ede00000, 0x00000000ede00000|100%| E|CS|TAMS 0x00000000edd00000, 0x00000000edd00000| Complete 
| 222|0x00000000ede00000, 0x00000000edf00000, 0x00000000edf00000|100%| E|CS|TAMS 0x00000000ede00000, 0x00000000ede00000| Complete 
| 223|0x00000000edf00000, 0x00000000ee000000, 0x00000000ee000000|100%| E|CS|TAMS 0x00000000edf00000, 0x00000000edf00000| Complete 
| 224|0x00000000ee000000, 0x00000000ee100000, 0x00000000ee100000|100%| E|CS|TAMS 0x00000000ee000000, 0x00000000ee000000| Complete 
| 225|0x00000000ee100000, 0x00000000ee200000, 0x00000000ee200000|100%| E|CS|TAMS 0x00000000ee100000, 0x00000000ee100000| Complete 
| 226|0x00000000ee200000, 0x00000000ee300000, 0x00000000ee300000|100%| E|CS|TAMS 0x00000000ee200000, 0x00000000ee200000| Complete 
| 227|0x00000000ee300000, 0x00000000ee400000, 0x00000000ee400000|100%| E|CS|TAMS 0x00000000ee300000, 0x00000000ee300000| Complete 
| 228|0x00000000ee400000, 0x00000000ee500000, 0x00000000ee500000|100%| E|CS|TAMS 0x00000000ee400000, 0x00000000ee400000| Complete 
| 229|0x00000000ee500000, 0x00000000ee600000, 0x00000000ee600000|100%| E|CS|TAMS 0x00000000ee500000, 0x00000000ee500000| Complete 
| 230|0x00000000ee600000, 0x00000000ee700000, 0x00000000ee700000|100%| E|CS|TAMS 0x00000000ee600000, 0x00000000ee600000| Complete 
| 231|0x00000000ee700000, 0x00000000ee77aff8, 0x00000000ee800000| 48%| S|CS|TAMS 0x00000000ee700000, 0x00000000ee700000| Complete 
| 232|0x00000000ee800000, 0x00000000ee900000, 0x00000000ee900000|100%| E|CS|TAMS 0x00000000ee800000, 0x00000000ee800000| Complete 
| 233|0x00000000ee900000, 0x00000000eea00000, 0x00000000eea00000|100%| E|CS|TAMS 0x00000000ee900000, 0x00000000ee900000| Complete 
| 234|0x00000000eea00000, 0x00000000eeb00000, 0x00000000eeb00000|100%| E|CS|TAMS 0x00000000eea00000, 0x00000000eea00000| Complete 
| 235|0x00000000eeb00000, 0x00000000eec00000, 0x00000000eec00000|100%| E|CS|TAMS 0x00000000eeb00000, 0x00000000eeb00000| Complete 
| 236|0x00000000eec00000, 0x00000000eed00000, 0x00000000eed00000|100%| E|CS|TAMS 0x00000000eec00000, 0x00000000eec00000| Complete 
| 237|0x00000000eed00000, 0x00000000eee00000, 0x00000000eee00000|100%| E|CS|TAMS 0x00000000eed00000, 0x00000000eed00000| Complete 
| 238|0x00000000eee00000, 0x00000000eef00000, 0x00000000eef00000|100%| E|CS|TAMS 0x00000000eee00000, 0x00000000eee00000| Complete 
| 239|0x00000000eef00000, 0x00000000ef000000, 0x00000000ef000000|100%| E|CS|TAMS 0x00000000eef00000, 0x00000000eef00000| Complete 
| 240|0x00000000ef000000, 0x00000000ef100000, 0x00000000ef100000|100%| E|CS|TAMS 0x00000000ef000000, 0x00000000ef000000| Complete 
| 241|0x00000000ef100000, 0x00000000ef200000, 0x00000000ef200000|100%| E|CS|TAMS 0x00000000ef100000, 0x00000000ef100000| Complete 
| 242|0x00000000ef200000, 0x00000000ef300000, 0x00000000ef300000|100%| E|CS|TAMS 0x00000000ef200000, 0x00000000ef200000| Complete 
| 243|0x00000000ef300000, 0x00000000ef400000, 0x00000000ef400000|100%| E|CS|TAMS 0x00000000ef300000, 0x00000000ef300000| Complete 
| 244|0x00000000ef400000, 0x00000000ef500000, 0x00000000ef500000|100%| E|CS|TAMS 0x00000000ef400000, 0x00000000ef400000| Complete 
| 245|0x00000000ef500000, 0x00000000ef600000, 0x00000000ef600000|100%| E|CS|TAMS 0x00000000ef500000, 0x00000000ef500000| Complete 
| 246|0x00000000ef600000, 0x00000000ef700000, 0x00000000ef700000|100%| E|CS|TAMS 0x00000000ef600000, 0x00000000ef600000| Complete 
| 247|0x00000000ef700000, 0x00000000ef800000, 0x00000000ef800000|100%| E|CS|TAMS 0x00000000ef700000, 0x00000000ef700000| Complete 
| 248|0x00000000ef800000, 0x00000000ef900000, 0x00000000ef900000|100%| E|CS|TAMS 0x00000000ef800000, 0x00000000ef800000| Complete 
| 249|0x00000000ef900000, 0x00000000efa00000, 0x00000000efa00000|100%| E|CS|TAMS 0x00000000ef900000, 0x00000000ef900000| Complete 
| 250|0x00000000efa00000, 0x00000000efb00000, 0x00000000efb00000|100%| E|CS|TAMS 0x00000000efa00000, 0x00000000efa00000| Complete 
| 251|0x00000000efb00000, 0x00000000efc00000, 0x00000000efc00000|100%| E|CS|TAMS 0x00000000efb00000, 0x00000000efb00000| Complete 
| 252|0x00000000efc00000, 0x00000000efd00000, 0x00000000efd00000|100%| E|CS|TAMS 0x00000000efc00000, 0x00000000efc00000| Complete 
| 253|0x00000000efd00000, 0x00000000efe00000, 0x00000000efe00000|100%| E|CS|TAMS 0x00000000efd00000, 0x00000000efd00000| Complete 
| 254|0x00000000efe00000, 0x00000000eff00000, 0x00000000eff00000|100%| E|CS|TAMS 0x00000000efe00000, 0x00000000efe00000| Complete 
| 255|0x00000000eff00000, 0x00000000f0000000, 0x00000000f0000000|100%| E|CS|TAMS 0x00000000eff00000, 0x00000000eff00000| Complete 

Card table byte_map: [0x000001b85ba50000,0x000001b85bb50000] _byte_map_base: 0x000001b85b350000

Marking Bits (Prev, Next): (CMBitMap*) 0x000001b8451d1ad0, (CMBitMap*) 0x000001b8451d1b10
 Prev Bits: [0x000001b85bc50000, 0x000001b85c450000)
 Next Bits: [0x000001b85c450000, 0x000001b85cc50000)

Polling page: 0x000001b844980000

Metaspace:

Usage:
  Non-class:     15.42 MB used.
      Class:      2.63 MB used.
       Both:     18.05 MB used.

Virtual space:
  Non-class space:       64.00 MB reserved,      15.56 MB ( 24%) committed,  1 nodes.
      Class space:      320.00 MB reserved,       2.81 MB ( <1%) committed,  1 nodes.
             Both:      384.00 MB reserved,      18.38 MB (  5%) committed. 

Chunk freelists:
   Non-Class:  15.50 MB
       Class:  13.05 MB
        Both:  28.55 MB

MaxMetaspaceSize: 384.00 MB
CompressedClassSpaceSize: 320.00 MB
Initial GC threshold: 21.00 MB
Current GC threshold: 21.00 MB
CDS: on
MetaspaceReclaimPolicy: balanced
 - commit_granule_bytes: 65536.
 - commit_granule_words: 8192.
 - virtual_space_node_default_size: 8388608.
 - enlarge_chunks_in_place: 1.
 - new_chunks_are_fully_committed: 0.
 - uncommit_free_chunks: 1.
 - use_allocation_guard: 0.
 - handle_deallocations: 1.


Internal statistics:

num_allocs_failed_limit: 0.
num_arena_births: 256.
num_arena_deaths: 0.
num_vsnodes_births: 2.
num_vsnodes_deaths: 0.
num_space_committed: 295.
num_space_uncommitted: 0.
num_chunks_returned_to_freelist: 0.
num_chunks_taken_from_freelist: 904.
num_chunk_merges: 0.
num_chunk_splits: 578.
num_chunks_enlarged: 400.
num_inconsistent_stats: 0.

CodeHeap 'non-profiled nmethods': size=120000Kb used=1281Kb max_used=1281Kb free=118718Kb
 bounds [0x000001b854520000, 0x000001b854790000, 0x000001b85ba50000]
CodeHeap 'profiled nmethods': size=120000Kb used=5315Kb max_used=5315Kb free=114684Kb
 bounds [0x000001b84ca50000, 0x000001b84cf90000, 0x000001b853f80000]
CodeHeap 'non-nmethods': size=5760Kb used=1236Kb max_used=1308Kb free=4523Kb
 bounds [0x000001b853f80000, 0x000001b8541f0000, 0x000001b854520000]
 total_blobs=3113 nmethods=2569 adapters=456
 compilation: enabled
              stopped_count=0, restarted_count=0
 full_count=0

Compilation events (20 events):
Event: 13.847 Thread 0x000001b85f22cf90 2506       3       java.lang.reflect.Method::hasGenericInformation (13 bytes)
Event: 13.847 Thread 0x000001b85f22cf90 nmethod 2506 0x000001b84cf5ac10 code [0x000001b84cf5ada0, 0x000001b84cf5af18]
Event: 13.887 Thread 0x000001b85f22cf90 2509       3       java.util.LinkedList::unlink (91 bytes)
Event: 13.887 Thread 0x000001b85f22cf90 nmethod 2509 0x000001b84cf5af90 code [0x000001b84cf5b140, 0x000001b84cf5b518]
Event: 13.890 Thread 0x000001b85f22cf90 2510       3       java.util.LinkedList$ListItr::<init> (47 bytes)
Event: 13.891 Thread 0x000001b85f22cf90 nmethod 2510 0x000001b84cf5b690 code [0x000001b84cf5b840, 0x000001b84cf5bb28]
Event: 13.895 Thread 0x000001b85f22cf90 2511       3       org.gradle.internal.service.DefaultServiceRegistry$SingletonService::getAll (23 bytes)
Event: 13.895 Thread 0x000001b85f22cf90 nmethod 2511 0x000001b84cf5bc10 code [0x000001b84cf5bde0, 0x000001b84cf5c088]
Event: 13.898 Thread 0x000001b85f22cf90 2512       3       org.gradle.internal.service.DefaultServiceRegistry$FactoryMethodService::<init> (22 bytes)
Event: 13.899 Thread 0x000001b85f22cf90 nmethod 2512 0x000001b84cf5c210 code [0x000001b84cf5c440, 0x000001b84cf5cea8]
Event: 13.908 Thread 0x000001b85f22cf90 2513       3       org.gradle.internal.service.AbstractServiceMethod::<init> (42 bytes)
Event: 13.911 Thread 0x000001b85f22cf90 nmethod 2513 0x000001b84cf5d210 code [0x000001b84cf5d560, 0x000001b84cf5f0e8]
Event: 13.911 Thread 0x000001b85f22cf90 2515       3       java.lang.invoke.MethodHandles$Lookup::findBoundCallerLookup (30 bytes)
Event: 13.912 Thread 0x000001b85f22cf90 nmethod 2515 0x000001b84cf5f890 code [0x000001b84cf5faa0, 0x000001b84cf60258]
Event: 13.913 Thread 0x000001b85f22cf90 2516       3       java.lang.invoke.MethodHandles$Lookup::getDirectMethodCommon (280 bytes)
Event: 13.914 Thread 0x000001b85f22cf90 nmethod 2516 0x000001b84cf60510 code [0x000001b84cf60820, 0x000001b84cf618b8]
Event: 13.947 Thread 0x000001b85f22cf90 2518       3       java.util.ArrayList::toArray (57 bytes)
Event: 13.947 Thread 0x000001b85f22cf90 nmethod 2518 0x000001b84cf61e90 code [0x000001b84cf62060, 0x000001b84cf625d8]
Event: 14.004 Thread 0x000001b85f22cf90 2519       3       java.lang.Class::getDeclaredConstructors (27 bytes)
Event: 14.004 Thread 0x000001b85f22cf90 nmethod 2519 0x000001b84cf62710 code [0x000001b84cf62900, 0x000001b84cf62c18]

GC Heap History (6 events):
Event: 1.222 GC heap before
{Heap before GC invocations=0 (full 0):
 garbage-first heap   total 262144K, used 13312K [0x00000000e0000000, 0x0000000100000000)
  region size 1024K, 13 young (13312K), 0 survivors (0K)
 Metaspace       used 1074K, committed 1216K, reserved 393216K
  class space    used 85K, committed 128K, reserved 327680K
}
Event: 1.228 GC heap after
{Heap after GC invocations=1 (full 0):
 garbage-first heap   total 262144K, used 3617K [0x00000000e0000000, 0x0000000100000000)
  region size 1024K, 2 young (2048K), 2 survivors (2048K)
 Metaspace       used 1074K, committed 1216K, reserved 393216K
  class space    used 85K, committed 128K, reserved 327680K
}
Event: 2.603 GC heap before
{Heap before GC invocations=1 (full 0):
 garbage-first heap   total 262144K, used 23073K [0x00000000e0000000, 0x0000000100000000)
  region size 1024K, 17 young (17408K), 2 survivors (2048K)
 Metaspace       used 3900K, committed 4032K, reserved 393216K
  class space    used 492K, committed 576K, reserved 327680K
}
Event: 2.608 GC heap after
{Heap after GC invocations=2 (full 0):
 garbage-first heap   total 262144K, used 11170K [0x00000000e0000000, 0x0000000100000000)
  region size 1024K, 3 young (3072K), 3 survivors (3072K)
 Metaspace       used 3900K, committed 4032K, reserved 393216K
  class space    used 492K, committed 576K, reserved 327680K
}
Event: 3.422 GC heap before
{Heap before GC invocations=2 (full 0):
 garbage-first heap   total 262144K, used 32674K [0x00000000e0000000, 0x0000000100000000)
  region size 1024K, 24 young (24576K), 3 survivors (3072K)
 Metaspace       used 4037K, committed 4224K, reserved 393216K
  class space    used 496K, committed 576K, reserved 327680K
}
Event: 3.425 GC heap after
{Heap after GC invocations=3 (full 0):
 garbage-first heap   total 262144K, used 11732K [0x00000000e0000000, 0x0000000100000000)
  region size 1024K, 1 young (1024K), 1 survivors (1024K)
 Metaspace       used 4037K, committed 4224K, reserved 393216K
  class space    used 496K, committed 576K, reserved 327680K
}

Deoptimization events (20 events):
Event: 11.467 Thread 0x000001b8790fb300 Uncommon trap: trap_request=0xffffff45 fr.pc=0x000001b85453ecc4 relative=0x00000000000001a4
Event: 11.467 Thread 0x000001b8790fb300 Uncommon trap: reason=unstable_if action=reinterpret pc=0x000001b85453ecc4 method=java.util.regex.Matcher.reset()Ljava/util/regex/Matcher; @ 47 c2
Event: 11.467 Thread 0x000001b8790fb300 DEOPT PACKING pc=0x000001b85453ecc4 sp=0x0000002a377fad60
Event: 11.467 Thread 0x000001b8790fb300 DEOPT UNPACKING pc=0x000001b853fd23a3 sp=0x0000002a377facf0 mode 2
Event: 11.526 Thread 0x000001b8790fb300 Uncommon trap: trap_request=0xffffff45 fr.pc=0x000001b8545c00fc relative=0x000000000000075c
Event: 11.526 Thread 0x000001b8790fb300 Uncommon trap: reason=unstable_if action=reinterpret pc=0x000001b8545c00fc method=java.util.ArrayList.grow(I)[Ljava/lang/Object; @ 17 c2
Event: 11.526 Thread 0x000001b8790fb300 DEOPT PACKING pc=0x000001b8545c00fc sp=0x0000002a377fcd30
Event: 11.526 Thread 0x000001b8790fb300 DEOPT UNPACKING pc=0x000001b853fd23a3 sp=0x0000002a377fcbc8 mode 2
Event: 11.754 Thread 0x000001b8790fb300 Uncommon trap: trap_request=0xffffff45 fr.pc=0x000001b854542f10 relative=0x0000000000000a30
Event: 11.754 Thread 0x000001b8790fb300 Uncommon trap: reason=unstable_if action=reinterpret pc=0x000001b854542f10 method=java.io.WinNTFileSystem.resolve(Ljava/lang/String;Ljava/lang/String;)Ljava/lang/String; @ 19 c2
Event: 11.754 Thread 0x000001b8790fb300 DEOPT PACKING pc=0x000001b854542f10 sp=0x0000002a377fcc10
Event: 11.754 Thread 0x000001b8790fb300 DEOPT UNPACKING pc=0x000001b853fd23a3 sp=0x0000002a377fcbc8 mode 2
Event: 11.763 Thread 0x000001b8790fb300 Uncommon trap: trap_request=0xffffff45 fr.pc=0x000001b854599c1c relative=0x00000000000005fc
Event: 11.763 Thread 0x000001b8790fb300 Uncommon trap: reason=unstable_if action=reinterpret pc=0x000001b854599c1c method=java.io.File.getName()Ljava/lang/String; @ 16 c2
Event: 11.763 Thread 0x000001b8790fb300 DEOPT PACKING pc=0x000001b854599c1c sp=0x0000002a377fcbc0
Event: 11.763 Thread 0x000001b8790fb300 DEOPT UNPACKING pc=0x000001b853fd23a3 sp=0x0000002a377fcb90 mode 2
Event: 13.658 Thread 0x000001b8790fb300 Uncommon trap: trap_request=0xffffff45 fr.pc=0x000001b85460cc74 relative=0x0000000000000074
Event: 13.658 Thread 0x000001b8790fb300 Uncommon trap: reason=unstable_if action=reinterpret pc=0x000001b85460cc74 method=jdk.internal.misc.Unsafe.convEndian(ZI)I @ 4 c2
Event: 13.658 Thread 0x000001b8790fb300 DEOPT PACKING pc=0x000001b85460cc74 sp=0x0000002a377faa20
Event: 13.658 Thread 0x000001b8790fb300 DEOPT UNPACKING pc=0x000001b853fd23a3 sp=0x0000002a377fa928 mode 2

Classes unloaded (0 events):
No events

Classes redefined (0 events):
No events

Internal exceptions (20 events):
Event: 9.620 Thread 0x000001b8790fb300 Exception <a 'java/lang/NoSuchMethodError'{0x00000000ecd8c958}: 'void java.lang.invoke.DirectMethodHandle$Holder.invokeStaticInit(java.lang.Object, java.lang.Object)'> (0x00000000ecd8c958) 
thrown [s\open\src\hotspot\share\interpreter\linkResolver.cpp, line 759]
Event: 9.657 Thread 0x000001b8790fb300 Exception <a 'java/lang/NoSuchMethodError'{0x00000000ecc91f38}: 'java.lang.Object java.lang.invoke.DirectMethodHandle$Holder.newInvokeSpecial(java.lang.Object, java.lang.Object, java.lang.Object, int, java.lang.Object, java.lang.Object)'> (0x00000000ecc91f38) 
thrown [s\open\src\hotspot\share\interpreter\linkResolver.cpp, line 759]
Event: 9.709 Thread 0x000001b8790fb300 Exception <a 'java/lang/NoSuchMethodError'{0x00000000eca4f760}: 'void java.lang.invoke.DelegatingMethodHandle$Holder.reinvoke_L(java.lang.Object, java.lang.Object, java.lang.Object, java.lang.Object, java.lang.Object, java.lang.Object, java.lang.Object, java.lang.Object, java.lang.Object, java.lang.Object)'> (0x00000000eca4f760) 
thrown [s\open\src\hotspot\share\interpreter\linkResolver.cpp, line 759]
Event: 9.709 Thread 0x000001b8790fb300 Exception <a 'java/lang/NoSuchMethodError'{0x00000000eca57bd0}: 'java.lang.Object java.lang.invoke.DirectMethodHandle$Holder.invokeSpecial(java.lang.Object, java.lang.Object, java.lang.Object, java.lang.Object, java.lang.Object, java.lang.Object, java.lang.Object, java.lang.Object, java.lang.Object, java.lang.Object)'> (0x00000000eca57bd0) 
thrown [s\open\src\hotspot\share\interpreter\linkResolver.cpp, line 759]
Event: 9.710 Thread 0x000001b8790fb300 Exception <a 'java/lang/NoSuchMethodError'{0x00000000eca5c4a0}: 'java.lang.Object java.lang.invoke.Invokers$Holder.invoker(java.lang.Object, java.lang.Object, java.lang.Object, java.lang.Object, java.lang.Object, java.lang.Object, java.lang.Object, java.lang.Object, java.lang.Object, java.lang.Object)'> (0x00000000eca5c4a0) 
thrown [s\open\src\hotspot\share\interpreter\linkResolver.cpp, line 759]
Event: 9.710 Thread 0x000001b8790fb300 Exception <a 'java/lang/NoSuchMethodError'{0x00000000eca62028}: 'java.lang.Object java.lang.invoke.DirectMethodHandle$Holder.invokeSpecial(java.lang.Object, java.lang.Object, java.lang.Object, java.lang.Object, java.lang.Object, java.lang.Object, java.lang.Object, java.lang.Object, java.lang.Object, java.lang.Object, java.lang.Object)'> (0x00000000eca62028) 
thrown [s\open\src\hotspot\share\interpreter\linkResolver.cpp, line 759]
Event: 9.917 Thread 0x000001b8790fb300 Exception <a 'java/lang/NoSuchMethodError'{0x00000000ec43f0b8}: 'void java.lang.invoke.DirectMethodHandle$Holder.invokeStaticInit(java.lang.Object)'> (0x00000000ec43f0b8) 
thrown [s\open\src\hotspot\share\interpreter\linkResolver.cpp, line 759]
Event: 9.943 Thread 0x000001b8790fb300 Exception <a 'java/lang/NoSuchMethodError'{0x00000000ec4eeea8}: 'java.lang.Object java.lang.invoke.DirectMethodHandle$Holder.newInvokeSpecial(java.lang.Object, java.lang.Object, java.lang.Object, int)'> (0x00000000ec4eeea8) 
thrown [s\open\src\hotspot\share\interpreter\linkResolver.cpp, line 759]
Event: 9.943 Thread 0x000001b8790fb300 Exception <a 'java/lang/NoSuchMethodError'{0x00000000ec4f37d8}: 'java.lang.Object java.lang.invoke.DirectMethodHandle$Holder.invokeSpecial(java.lang.Object, java.lang.Object, java.lang.Object, java.lang.Object, int)'> (0x00000000ec4f37d8) 
thrown [s\open\src\hotspot\share\interpreter\linkResolver.cpp, line 759]
Event: 9.944 Thread 0x000001b8790fb300 Exception <a 'java/lang/NoSuchMethodError'{0x00000000ec4f78f0}: 'java.lang.Object java.lang.invoke.Invokers$Holder.linkToTargetMethod(java.lang.Object, java.lang.Object, int, java.lang.Object)'> (0x00000000ec4f78f0) 
thrown [s\open\src\hotspot\share\interpreter\linkResolver.cpp, line 759]
Event: 12.795 Thread 0x000001b8790fa3d0 Exception <a 'java/lang/NoSuchMethodError'{0x00000000ed0945e0}: static Lorg/gradle/internal/build/event/types/DefaultOperationStartedProgressEvent;.<clinit>()V> (0x00000000ed0945e0) 
thrown [s\open\src\hotspot\share\prims\jni.cpp, line 1107]
Event: 12.795 Thread 0x000001b8790fa3d0 Exception <a 'java/lang/NoSuchMethodError'{0x00000000ed095b68}: static Lorg/gradle/internal/build/event/types/AbstractProgressEvent;.<clinit>()V> (0x00000000ed095b68) 
thrown [s\open\src\hotspot\share\prims\jni.cpp, line 1107]
Event: 12.798 Thread 0x000001b8790fa3d0 Exception <a 'java/lang/NoSuchMethodError'{0x00000000ed09e880}: static Lorg/gradle/internal/build/event/types/DefaultOperationDescriptor;.<clinit>()V> (0x00000000ed09e880) 
thrown [s\open\src\hotspot\share\prims\jni.cpp, line 1107]
Event: 12.805 Thread 0x000001b8790fa3d0 Exception <a 'java/lang/NoSuchMethodError'{0x00000000ed0b3ed8}: static Lorg/gradle/internal/operations/OperationIdentifier;.<clinit>()V> (0x00000000ed0b3ed8) 
thrown [s\open\src\hotspot\share\prims\jni.cpp, line 1107]
Event: 13.710 Thread 0x000001b8790fb300 Exception <a 'java/lang/NoSuchMethodError'{0x00000000eb320ca8}: 'int java.lang.invoke.DirectMethodHandle$Holder.invokeSpecialIFC(java.lang.Object, java.lang.Object, java.lang.Object, java.lang.Object)'> (0x00000000eb320ca8) 
thrown [s\open\src\hotspot\share\interpreter\linkResolver.cpp, line 759]
Event: 13.713 Thread 0x000001b8790fb300 Exception <a 'java/lang/NoSuchMethodError'{0x00000000eb32ff28}: 'java.lang.Object java.lang.invoke.DirectMethodHandle$Holder.invokeInterface(java.lang.Object, java.lang.Object, java.lang.Object)'> (0x00000000eb32ff28) 
thrown [s\open\src\hotspot\share\interpreter\linkResolver.cpp, line 759]
Event: 13.713 Thread 0x000001b8790fb300 Exception <a 'java/lang/IncompatibleClassChangeError'{0x00000000eb333de8}: Found class java.lang.Object, but interface was expected> (0x00000000eb333de8) 
thrown [s\open\src\hotspot\share\interpreter\linkResolver.cpp, line 826]
Event: 13.777 Thread 0x000001b8790fb300 Exception <a 'java/lang/NoSuchMethodError'{0x00000000eb145290}: 'int java.lang.invoke.DirectMethodHandle$Holder.invokeStatic(java.lang.Object, java.lang.Object, java.lang.Object, java.lang.Object)'> (0x00000000eb145290) 
thrown [s\open\src\hotspot\share\interpreter\linkResolver.cpp, line 759]
Event: 13.777 Thread 0x000001b8790fb300 Exception <a 'java/lang/NoSuchMethodError'{0x00000000eb148eb8}: 'java.lang.Object java.lang.invoke.Invokers$Holder.invokeExact_MT(java.lang.Object, java.lang.Object, java.lang.Object, java.lang.Object, java.lang.Object, java.lang.Object)'> (0x00000000eb148eb8) 
thrown [s\open\src\hotspot\share\interpreter\linkResolver.cpp, line 759]
Event: 13.910 Thread 0x000001b8790fb300 Exception <a 'java/lang/NoSuchMethodError'{0x00000000ead21b18}: 'java.lang.Object java.lang.invoke.DirectMethodHandle$Holder.invokeSpecial(java.lang.Object, java.lang.Object, java.lang.Object, java.lang.Object, java.lang.Object, java.lang.Object, java.lang.Object, java.lang.Object, java.lang.Object)'> (0x00000000ead21b18) 
thrown [s\open\src\hotspot\share\interpreter\linkResolver.cpp, line 759]

VM Operations (20 events):
Event: 8.008 Executing VM operation: HandshakeAllThreads
Event: 8.008 Executing VM operation: HandshakeAllThreads done
Event: 9.011 Executing VM operation: Cleanup
Event: 9.011 Executing VM operation: Cleanup done
Event: 9.673 Executing VM operation: HandshakeAllThreads
Event: 9.674 Executing VM operation: HandshakeAllThreads done
Event: 10.683 Executing VM operation: Cleanup
Event: 10.683 Executing VM operation: Cleanup done
Event: 11.694 Executing VM operation: Cleanup
Event: 11.694 Executing VM operation: Cleanup done
Event: 11.904 Executing VM operation: HandshakeAllThreads
Event: 11.904 Executing VM operation: HandshakeAllThreads done
Event: 11.905 Executing VM operation: HandshakeAllThreads
Event: 11.905 Executing VM operation: HandshakeAllThreads done
Event: 12.183 Executing VM operation: HandshakeAllThreads
Event: 12.183 Executing VM operation: HandshakeAllThreads done
Event: 12.183 Executing VM operation: HandshakeAllThreads
Event: 12.184 Executing VM operation: HandshakeAllThreads done
Event: 13.193 Executing VM operation: Cleanup
Event: 13.193 Executing VM operation: Cleanup done

Events (20 events):
Event: 13.658 loading class sun/security/provider/ByteArrayAccess$LE
Event: 13.658 loading class sun/security/provider/ByteArrayAccess$LE done
Event: 13.700 loading class java/util/concurrent/Semaphore
Event: 13.701 loading class java/util/concurrent/Semaphore done
Event: 13.706 loading class java/nio/file/FileVisitOption
Event: 13.706 loading class java/nio/file/FileVisitOption done
Event: 13.714 loading class java/util/stream/ReduceOps$1
Event: 13.714 loading class java/util/stream/ReduceOps$1 done
Event: 13.714 loading class java/util/stream/ReduceOps$1ReducingSink
Event: 13.715 loading class java/util/stream/ReduceOps$1ReducingSink done
Event: 14.000 loading class javax/xml/parsers/ParserConfigurationException
Event: 14.001 loading class javax/xml/parsers/ParserConfigurationException done
Event: 14.001 loading class org/xml/sax/SAXException
Event: 14.002 loading class org/xml/sax/SAXException done
Event: 14.002 loading class javax/xml/xpath/XPathExpressionException
Event: 14.002 loading class javax/xml/xpath/XPathException
Event: 14.002 loading class javax/xml/xpath/XPathException done
Event: 14.002 loading class javax/xml/xpath/XPathExpressionException done
Event: 14.003 loading class org/xml/sax/ErrorHandler
Event: 14.003 loading class org/xml/sax/ErrorHandler done


Dynamic libraries:
0x00007ff74aee0000 - 0x00007ff74aef0000 	C:\Program Files\Java\jdk-17\bin\java.exe
0x00007ffd41850000 - 0x00007ffd41a47000 	C:\WINDOWS\SYSTEM32\ntdll.dll
0x00007ffd41750000 - 0x00007ffd4180d000 	C:\WINDOWS\System32\KERNEL32.DLL
0x00007ffd3f2a0000 - 0x00007ffd3f596000 	C:\WINDOWS\System32\KERNELBASE.dll
0x00007ffd3f170000 - 0x00007ffd3f270000 	C:\WINDOWS\System32\ucrtbase.dll
0x00007ffd303b0000 - 0x00007ffd303c9000 	C:\Program Files\Java\jdk-17\bin\jli.dll
0x00007ffd3fee0000 - 0x00007ffd3ff8e000 	C:\WINDOWS\System32\ADVAPI32.dll
0x00007ffd30130000 - 0x00007ffd3014b000 	C:\Program Files\Java\jdk-17\bin\VCRUNTIME140.dll
0x00007ffd3fc90000 - 0x00007ffd3fd2e000 	C:\WINDOWS\System32\msvcrt.dll
0x00007ffd3f940000 - 0x00007ffd3f9dc000 	C:\WINDOWS\System32\sechost.dll
0x00007ffd40020000 - 0x00007ffd40146000 	C:\WINDOWS\System32\RPCRT4.dll
0x00007ffd3fa10000 - 0x00007ffd3fbae000 	C:\WINDOWS\System32\USER32.dll
0x00007ffd3f270000 - 0x00007ffd3f292000 	C:\WINDOWS\System32\win32u.dll
0x00007ffd3f9e0000 - 0x00007ffd3fa0c000 	C:\WINDOWS\System32\GDI32.dll
0x00007ffd3f790000 - 0x00007ffd3f8aa000 	C:\WINDOWS\System32\gdi32full.dll
0x00007ffd3f0a0000 - 0x00007ffd3f13d000 	C:\WINDOWS\System32\msvcp_win.dll
0x00007ffd2bbf0000 - 0x00007ffd2bbfa000 	C:\WINDOWS\SYSTEM32\VERSION.dll
0x00007ffd29130000 - 0x00007ffd293ca000 	C:\WINDOWS\WinSxS\amd64_microsoft.windows.common-controls_6595b64144ccf1df_6.0.19041.3570_none_60bb2a3971f3e41a\COMCTL32.dll
0x00007ffd3ff90000 - 0x00007ffd3ffc0000 	C:\WINDOWS\System32\IMM32.DLL
0x00007ffd30480000 - 0x00007ffd3048c000 	C:\Program Files\Java\jdk-17\bin\vcruntime140_1.dll
0x00007ffd1f2e0000 - 0x00007ffd1f36e000 	C:\Program Files\Java\jdk-17\bin\msvcp140.dll
0x00007ffce8590000 - 0x00007ffce9171000 	C:\Program Files\Java\jdk-17\bin\server\jvm.dll
0x00007ffd40990000 - 0x00007ffd40998000 	C:\WINDOWS\System32\PSAPI.DLL
0x00007ffd28680000 - 0x00007ffd286a7000 	C:\WINDOWS\SYSTEM32\WINMM.dll
0x00007ffd2cc10000 - 0x00007ffd2cc19000 	C:\WINDOWS\SYSTEM32\WSOCK32.dll
0x00007ffd412d0000 - 0x00007ffd4133b000 	C:\WINDOWS\System32\WS2_32.dll
0x00007ffd3d720000 - 0x00007ffd3d732000 	C:\WINDOWS\SYSTEM32\kernel.appcore.dll
0x00007ffd30120000 - 0x00007ffd3012a000 	C:\Program Files\Java\jdk-17\bin\jimage.dll
0x00007ffd3cc80000 - 0x00007ffd3ce64000 	C:\WINDOWS\SYSTEM32\DBGHELP.DLL
0x00007ffd31390000 - 0x00007ffd313c4000 	C:\WINDOWS\SYSTEM32\dbgcore.DLL
0x00007ffd3f5a0000 - 0x00007ffd3f622000 	C:\WINDOWS\System32\bcryptPrimitives.dll
0x00007ffd29d20000 - 0x00007ffd29d2e000 	C:\Program Files\Java\jdk-17\bin\instrument.dll
0x00007ffd2ff30000 - 0x00007ffd2ff55000 	C:\Program Files\Java\jdk-17\bin\java.dll
0x00007ffd0c630000 - 0x00007ffd0c707000 	C:\Program Files\Java\jdk-17\bin\jsvml.dll
0x00007ffd40b80000 - 0x00007ffd412c4000 	C:\WINDOWS\System32\SHELL32.dll
0x00007ffd3cf70000 - 0x00007ffd3d70b000 	C:\WINDOWS\SYSTEM32\windows.storage.dll
0x00007ffd413f0000 - 0x00007ffd41744000 	C:\WINDOWS\System32\combase.dll
0x00007ffd3e8a0000 - 0x00007ffd3e8cd000 	C:\WINDOWS\SYSTEM32\Wldp.dll
0x00007ffd41340000 - 0x00007ffd413ed000 	C:\WINDOWS\System32\SHCORE.dll
0x00007ffd40b20000 - 0x00007ffd40b75000 	C:\WINDOWS\System32\shlwapi.dll
0x00007ffd3ee60000 - 0x00007ffd3ee85000 	C:\WINDOWS\SYSTEM32\profapi.dll
0x00007ffd294d0000 - 0x00007ffd294e8000 	C:\Program Files\Java\jdk-17\bin\zip.dll
0x00007ffd2ea00000 - 0x00007ffd2ea19000 	C:\Program Files\Java\jdk-17\bin\net.dll
0x00007ffd3a480000 - 0x00007ffd3a58a000 	C:\WINDOWS\SYSTEM32\WINHTTP.dll
0x00007ffd3e600000 - 0x00007ffd3e66a000 	C:\WINDOWS\system32\mswsock.dll
0x00007ffd29960000 - 0x00007ffd29976000 	C:\Program Files\Java\jdk-17\bin\nio.dll
0x00007ffd29f50000 - 0x00007ffd29f60000 	C:\Program Files\Java\jdk-17\bin\verify.dll
0x00007ffd1e730000 - 0x00007ffd1e757000 	C:\Users\82104\.gradle\native\c067742578af261105cb4f569cf0c3c89f3d7b1fecec35dd04571415982c5e48\windows-amd64\native-platform.dll
0x00007ffd0cd80000 - 0x00007ffd0cec4000 	C:\Users\82104\.gradle\native\38dada09dfb8b06ba9b0570ebf7e218e3eb74d4ef43ca46872605cf95ebc2f47\windows-amd64\native-platform-file-events.dll
0x00007ffd30040000 - 0x00007ffd3004a000 	C:\Program Files\Java\jdk-17\bin\management.dll
0x00007ffd30030000 - 0x00007ffd3003b000 	C:\Program Files\Java\jdk-17\bin\management_ext.dll
0x00007ffd3e7f0000 - 0x00007ffd3e808000 	C:\WINDOWS\SYSTEM32\CRYPTSP.dll
0x00007ffd3ded0000 - 0x00007ffd3df04000 	C:\WINDOWS\system32\rsaenh.dll
0x00007ffd3f140000 - 0x00007ffd3f167000 	C:\WINDOWS\System32\bcrypt.dll
0x00007ffd3ee20000 - 0x00007ffd3ee4e000 	C:\WINDOWS\SYSTEM32\USERENV.dll
0x00007ffd3e810000 - 0x00007ffd3e81c000 	C:\WINDOWS\SYSTEM32\CRYPTBASE.dll
0x00007ffd3e2f0000 - 0x00007ffd3e32b000 	C:\WINDOWS\SYSTEM32\IPHLPAPI.DLL
0x00007ffd3f930000 - 0x00007ffd3f938000 	C:\WINDOWS\System32\NSI.dll
0x00007ffd31130000 - 0x00007ffd31147000 	C:\WINDOWS\SYSTEM32\dhcpcsvc6.DLL
0x00007ffd351b0000 - 0x00007ffd351cd000 	C:\WINDOWS\SYSTEM32\dhcpcsvc.DLL
0x00007ffd3e330000 - 0x00007ffd3e3fa000 	C:\WINDOWS\SYSTEM32\DNSAPI.dll
0x00007ffd2cc60000 - 0x00007ffd2cc6e000 	C:\Program Files\Java\jdk-17\bin\sunmscapi.dll
0x00007ffd3f630000 - 0x00007ffd3f78d000 	C:\WINDOWS\System32\CRYPT32.dll
0x00007ffd3e910000 - 0x00007ffd3e937000 	C:\WINDOWS\SYSTEM32\ncrypt.dll
0x00007ffd3e8d0000 - 0x00007ffd3e90b000 	C:\WINDOWS\SYSTEM32\NTASN1.dll
0x00007ffd306a0000 - 0x00007ffd306a7000 	C:\WINDOWS\system32\wshunix.dll

dbghelp: loaded successfully - version: 4.0.5 - missing functions: none
symbol engine: initialized successfully - sym options: 0x614 - pdb path: .;C:\Program Files\Java\jdk-17\bin;C:\WINDOWS\SYSTEM32;C:\WINDOWS\WinSxS\amd64_microsoft.windows.common-controls_6595b64144ccf1df_6.0.19041.3570_none_60bb2a3971f3e41a;C:\Program Files\Java\jdk-17\bin\server;C:\Users\82104\.gradle\native\c067742578af261105cb4f569cf0c3c89f3d7b1fecec35dd04571415982c5e48\windows-amd64;C:\Users\82104\.gradle\native\38dada09dfb8b06ba9b0570ebf7e218e3eb74d4ef43ca46872605cf95ebc2f47\windows-amd64

VM Arguments:
jvm_args: --add-opens=java.base/java.util.concurrent.atomic=ALL-UNNAMED -XX:MaxMetaspaceSize=384m -XX:+HeapDumpOnOutOfMemoryError --add-opens=java.base/java.util=ALL-UNNAMED --add-opens=java.base/java.lang=ALL-UNNAMED --add-opens=java.base/java.lang.invoke=ALL-UNNAMED --add-opens=java.prefs/java.util.prefs=ALL-UNNAMED --add-opens=java.base/java.nio.charset=ALL-UNNAMED --add-opens=java.base/java.net=ALL-UNNAMED --add-opens=java.base/java.util.concurrent.atomic=ALL-UNNAMED -Xms256m -Xmx512m -Dfile.encoding=x-windows-949 -Duser.country=KR -Duser.language=ko -Duser.variant -javaagent:C:\Users\82104\.gradle\wrapper\dists\gradle-8.4-bin\1w5dpkrfk8irigvoxmyhowfim\gradle-8.4\lib\agents\gradle-instrumentation-agent-8.4.jar 
java_command: org.gradle.launcher.daemon.bootstrap.GradleDaemon 8.4
java_class_path (initial): C:\Users\82104\.gradle\wrapper\dists\gradle-8.4-bin\1w5dpkrfk8irigvoxmyhowfim\gradle-8.4\lib\gradle-launcher-8.4.jar
Launcher Type: SUN_STANDARD

[Global flags]
     intx CICompilerCount                          = 3                                         {product} {ergonomic}
   size_t CompressedClassSpaceSize                 = 335544320                                 {product} {ergonomic}
     uint ConcGCThreads                            = 1                                         {product} {ergonomic}
     uint G1ConcRefinementThreads                  = 4                                         {product} {ergonomic}
   size_t G1HeapRegionSize                         = 1048576                                   {product} {ergonomic}
    uintx GCDrainStackTargetSize                   = 64                                        {product} {ergonomic}
     bool HeapDumpOnOutOfMemoryError               = true                                   {manageable} {command line}
   size_t InitialHeapSize                          = 268435456                                 {product} {command line}
   size_t MarkStackSize                            = 4194304                                   {product} {ergonomic}
   size_t MaxHeapSize                              = 536870912                                 {product} {command line}
   size_t MaxMetaspaceSize                         = 402653184                                 {product} {command line}
   size_t MaxNewSize                               = 321912832                                 {product} {ergonomic}
   size_t MinHeapDeltaBytes                        = 1048576                                   {product} {ergonomic}
   size_t MinHeapSize                              = 268435456                                 {product} {command line}
    uintx NonNMethodCodeHeapSize                   = 5832780                                {pd product} {ergonomic}
    uintx NonProfiledCodeHeapSize                  = 122912730                              {pd product} {ergonomic}
    uintx ProfiledCodeHeapSize                     = 122912730                              {pd product} {ergonomic}
    uintx ReservedCodeCacheSize                    = 251658240                              {pd product} {ergonomic}
     bool SegmentedCodeCache                       = true                                      {product} {ergonomic}
   size_t SoftMaxHeapSize                          = 536870912                              {manageable} {ergonomic}
     bool UseCompressedClassPointers               = true                           {product lp64_product} {ergonomic}
     bool UseCompressedOops                        = true                           {product lp64_product} {ergonomic}
     bool UseG1GC                                  = true                                      {product} {ergonomic}
     bool UseLargePagesIndividualAllocation        = false                                  {pd product} {ergonomic}

Logging:
Log output configuration:
 #0: stdout all=warning uptime,level,tags
 #1: stderr all=off uptime,level,tags

Environment Variables:
CLASSPATH=C:\Program Files\Java\jdk1.8.0_241\lib;.
PATH=C:\Program Files\Java\jdk-17\bin;C:\Program Files\AdoptOpenJDK\jdk-11.0.10.9-hotspot\bin;C:\Program Files (x86)\Common Files\Oracle\Java\javapath;C:\Program Files (x86)\Intel\iCLS Client\;C:\Program Files\Intel\iCLS Client\;C:\WINDOWS\system32;C:\WINDOWS;C:\WINDOWS\System32\Wbem;C:\WINDOWS\System32\WindowsPowerShell\v1.0\;C:\WINDOWS\System32\OpenSSH\;C:\Program Files (x86)\Intel\Intel(R) Management Engine Components\DAL;C:\Program Files\Intel\Intel(R) Management Engine Components\DAL;C:\Program Files (x86)\Intel\Intel(R) Management Engine Components\IPT;C:\Program Files\Intel\Intel(R) Management Engine Components\IPT;c:\Program Files (x86)\Microsoft SQL Server\100\Tools\Binn\;c:\Program Files\Microsoft SQL Server\100\Tools\Binn\;c:\Program Files\Microsoft SQL Server\100\DTS\Binn\;C:\Program Files\Java\jdk1.8.0_241\bin;C:\Program Files (x86)\ePapyrus\Papyrus-PlugIn-xfa;C:\Program Files (x86)\ePapyrus\Papyrus-PlugIn-xfa\Addins;C:\Program Files\PuTTY\;C:\Program Files (x86)\Bitvise SSH Client;C:\Program Files\Java\jdk1.8.0_241\jre\bin;C:\Users\82104\AppData\Local\Android\Sdk\tools;C:\Users\82104\AppData\Local\Android\Sdk\emulator;C:\src\flutter\bin;C:\Users\82104\AppData\Local\Android\Sdk\platform-tools;C:\Program Files\Git\cmd;C:\Program Files\Zulu\zulu-8\bin\;C:\Program Files\nodejs\;;C:\Program Files\Docker\Docker\resources\bin;C:\Users\82104\AppData\Local\Programs\Python\Python39\Scripts\;C:\Users\82104\AppData\Local\Programs\Python\Python39\;C:\Users\82104\AppData\Local\Microsoft\WindowsApps;C:\Program Files\Bandizip\;C:\src\flutter;C:\Users\82104\AppData\Local\Android\Sdk\tools;C:\Users\82104\AppData\Local\Android\Sdk\emulator;C:\Program Files\Java\jdk1.8.0_241\jre\bin;C:\Users\82104\AppData\Local\Android\Sdk\platform-tools;C:\Users\82104\anaconda3;C:\Users\82104\anaconda3\Library;C:\Users\82104\anaconda3\Scripts;C:\Users\82104\AppData\Local\Programs\Microsoft VS Code\bin;C:\Users\82104\AppData\Roaming\npm
USERNAME=82104
OS=Windows_NT
PROCESSOR_IDENTIFIER=Intel64 Family 6 Model 142 Stepping 10, GenuineIntel



---------------  S Y S T E M  ---------------

OS:
 Windows 10 , 64 bit Build 19041 (10.0.19041.3570)
OS uptime: 7 days 5:24 hours
Hyper-V role detected

CPU: total 4 (initial active 4) (2 cores per cpu, 2 threads per core) family 6 model 142 stepping 10 microcode 0xb4, cx8, cmov, fxsr, ht, mmx, 3dnowpref, sse, sse2, sse3, ssse3, sse4.1, sse4.2, popcnt, lzcnt, tsc, tscinvbit, avx, avx2, aes, erms, clmul, bmi1, bmi2, adx, fma, vzeroupper, clflush, clflushopt, hv

Memory: 4k page, system-wide physical 3929M (31M free)
TotalPageFile size 16217M (AvailPageFile size 4M)
current process WorkingSet (physical memory assigned to process): 194M, peak: 195M
current process commit charge ("private bytes"): 408M, peak: 409M

vm_info: Java HotSpot(TM) 64-Bit Server VM (17.0.9+11-LTS-201) for windows-amd64 JRE (17.0.9+11-LTS-201), built on Oct 10 2023 23:16:06 by "mach5one" with MS VC++ 17.1 (VS2022)

END.
